<?xml version="1.0" encoding="UTF-8" ?>
<testsuites>
 <testsuite name="Search Citin location" timestamp="2016-10-12T18:11:23" hostname="localhost" time="35.536" errors="0" tests="1" skipped="0" disabled="0" failures="1">
  <testcase classname="Search Citin location" name="should click any 3 foods with varying amounts" time="3.81">
   <failure type="exception" message="Failed: Cannot read property &apos;click&apos; of undefined"><![CDATA[TypeError: Cannot read property 'click' of undefined
    at actionFn (/usr/local/lib/node_modules/protractor/built/element.js:99:35)
    at Array.map (native)
    at /usr/local/lib/node_modules/protractor/built/element.js:409:46
    at ManagedPromise.invokeCallback_ (/usr/local/lib/node_modules/protractor/node_modules/selenium-webdriver/lib/promise.js:1379:14)
    at TaskQueue.execute_ (/usr/local/lib/node_modules/protractor/node_modules/selenium-webdriver/lib/promise.js:2913:14)
    at TaskQueue.executeNext_ (/usr/local/lib/node_modules/protractor/node_modules/selenium-webdriver/lib/promise.js:2896:21)
    at asyncRun (/usr/local/lib/node_modules/protractor/node_modules/selenium-webdriver/lib/promise.js:2775:27)
    at /usr/local/lib/node_modules/protractor/node_modules/selenium-webdriver/lib/promise.js:639:7
    at process._tickCallback (internal/process/next_tick.js:103:7)Error
    at ElementArrayFinder.applyAction_ (/usr/local/lib/node_modules/protractor/built/element.js:406:27)
    at ElementArrayFinder._this.(anonymous function) [as click] (/usr/local/lib/node_modules/protractor/built/element.js:101:30)
    at ElementFinder.(anonymous function) [as click] (/usr/local/lib/node_modules/protractor/built/element.js:742:22)
    at randomFood (/Users/johnkentreynes/Documents/automation-exam/page-objects/restaurant.page.js:34:55)
    at Object.clickRandomFood (/Users/johnkentreynes/Documents/automation-exam/page-objects/restaurant.page.js:27:2)
    at Object.<anonymous> (/Users/johnkentreynes/Documents/automation-exam/index.spec.js:50:18)
    at /usr/local/lib/node_modules/protractor/node_modules/jasminewd2/index.js:94:23
    at new ManagedPromise (/usr/local/lib/node_modules/protractor/node_modules/selenium-webdriver/lib/promise.js:1082:7)
    at controlFlowExecute (/usr/local/lib/node_modules/protractor/node_modules/jasminewd2/index.js:80:18)
    at TaskQueue.execute_ (/usr/local/lib/node_modules/protractor/node_modules/selenium-webdriver/lib/promise.js:2913:14)
From: Task: Run it("should click any 3 foods with varying amounts") in control flow
    at Object.<anonymous> (/usr/local/lib/node_modules/protractor/node_modules/jasminewd2/index.js:79:14)
    at attemptAsync (/usr/local/lib/node_modules/protractor/node_modules/jasmine-core/lib/jasmine-core/jasmine.js:1980:24)
    at QueueRunner.run (/usr/local/lib/node_modules/protractor/node_modules/jasmine-core/lib/jasmine-core/jasmine.js:1935:9)
    at QueueRunner.execute (/usr/local/lib/node_modules/protractor/node_modules/jasmine-core/lib/jasmine-core/jasmine.js:1923:10)
    at Spec.queueRunnerFactory (/usr/local/lib/node_modules/protractor/node_modules/jasmine-core/lib/jasmine-core/jasmine.js:714:35)
    at Spec.execute (/usr/local/lib/node_modules/protractor/node_modules/jasmine-core/lib/jasmine-core/jasmine.js:371:10)
    at Object.fn (/usr/local/lib/node_modules/protractor/node_modules/jasmine-core/lib/jasmine-core/jasmine.js:2579:37)
    at attemptAsync (/usr/local/lib/node_modules/protractor/node_modules/jasmine-core/lib/jasmine-core/jasmine.js:1980:24)
    at QueueRunner.run (/usr/local/lib/node_modules/protractor/node_modules/jasmine-core/lib/jasmine-core/jasmine.js:1935:9)
    at /usr/local/lib/node_modules/protractor/node_modules/jasmine-core/lib/jasmine-core/jasmine.js:1962:16
From asynchronous test: 
Error
    at Suite.<anonymous> (/Users/johnkentreynes/Documents/automation-exam/index.spec.js:48:2)
    at addSpecsToSuite (/usr/local/lib/node_modules/protractor/node_modules/jasmine-core/lib/jasmine-core/jasmine.js:867:25)
    at Env.describe (/usr/local/lib/node_modules/protractor/node_modules/jasmine-core/lib/jasmine-core/jasmine.js:836:7)
    at describe (/usr/local/lib/node_modules/protractor/node_modules/jasmine-core/lib/jasmine-core/jasmine.js:3576:18)
    at Object.<anonymous> (/Users/johnkentreynes/Documents/automation-exam/index.spec.js:8:1)
    at Module._compile (module.js:556:32)
    at Object.Module._extensions..js (module.js:565:10)
    at Module.load (module.js:473:32)
    at tryModuleLoad (module.js:432:12)]]>
   </failure>
  </testcase>
 </testsuite>
</testsuites>